[error] Failed to fetch Firebase Project from Studio Workspace because WORKSPACE_SLUG environment variable is empty
[error] Failed to fetch Firebase Project from Studio Workspace because WORKSPACE_SLUG environment variable is empty
[error] Failed to fetch Firebase Project from Studio Workspace because WORKSPACE_SLUG environment variable is empty
[error] Failed to fetch Firebase Project from Studio Workspace because WORKSPACE_SLUG environment variable is empty
[debug] [2026-02-03T00:23:29.971Z] > command requires scopes: ["email","openid","https://www.googleapis.com/auth/cloudplatformprojects.readonly","https://www.googleapis.com/auth/firebase","https://www.googleapis.com/auth/cloud-platform","https://www.googleapis.com/auth/userinfo.email"]
[debug] [2026-02-03T00:23:29.973Z] > authorizing via signed-in user (a.23308051281291@cbtis128.edu.mx)
[debug] [2026-02-03T00:23:29.977Z] Checked if tokens are valid: false, expires at: 1769797078026
[debug] [2026-02-03T00:23:29.978Z] Checked if tokens are valid: false, expires at: 1769797078026
[debug] [2026-02-03T00:23:29.979Z] > refreshing access token with scopes: []
[debug] [2026-02-03T00:23:29.986Z] >>> [apiv2][query] POST https://www.googleapis.com/oauth2/v3/token [none]
[debug] [2026-02-03T00:23:29.986Z] >>> [apiv2][body] POST https://www.googleapis.com/oauth2/v3/token [omitted]
[debug] [2026-02-03T00:23:30.050Z] > command requires scopes: ["email","openid","https://www.googleapis.com/auth/cloudplatformprojects.readonly","https://www.googleapis.com/auth/firebase","https://www.googleapis.com/auth/cloud-platform","https://www.googleapis.com/auth/userinfo.email"]
[debug] [2026-02-03T00:23:30.051Z] > authorizing via signed-in user (a.23308051281291@cbtis128.edu.mx)
[debug] [2026-02-03T00:23:30.052Z] Checked if tokens are valid: false, expires at: 1769797078026
[debug] [2026-02-03T00:23:30.052Z] Checked if tokens are valid: false, expires at: 1769797078026
[debug] [2026-02-03T00:23:30.052Z] > refreshing access token with scopes: []
[debug] [2026-02-03T00:23:30.053Z] >>> [apiv2][query] POST https://www.googleapis.com/oauth2/v3/token [none]
[debug] [2026-02-03T00:23:30.053Z] >>> [apiv2][body] POST https://www.googleapis.com/oauth2/v3/token [omitted]
[debug] [2026-02-03T00:23:30.144Z] <<< [apiv2][status] POST https://www.googleapis.com/oauth2/v3/token 200
[debug] [2026-02-03T00:23:30.144Z] <<< [apiv2][body] POST https://www.googleapis.com/oauth2/v3/token [omitted]
[debug] [2026-02-03T00:23:30.170Z] >>> [apiv2][query] GET https://cloudbilling.googleapis.com/v1/projects/spotify128-34465154-11448/billingInfo [none]
[debug] [2026-02-03T00:23:30.190Z] <<< [apiv2][status] POST https://www.googleapis.com/oauth2/v3/token 200
[debug] [2026-02-03T00:23:30.191Z] <<< [apiv2][body] POST https://www.googleapis.com/oauth2/v3/token [omitted]
[debug] [2026-02-03T00:23:30.211Z] >>> [apiv2][query] GET https://cloudbilling.googleapis.com/v1/projects/spotify128-34465154-11448/billingInfo [none]
[debug] [2026-02-03T00:23:30.266Z] <<< [apiv2][status] GET https://cloudbilling.googleapis.com/v1/projects/spotify128-34465154-11448/billingInfo 200
[debug] [2026-02-03T00:23:30.267Z] <<< [apiv2][body] GET https://cloudbilling.googleapis.com/v1/projects/spotify128-34465154-11448/billingInfo {"name":"projects/spotify128-34465154-11448/billingInfo","projectId":"spotify128-34465154-11448","billingAccountName":"","billingEnabled":false}
[debug] [2026-02-03T00:23:30.286Z] Checked if tokens are valid: true, expires at: 1770081809191
[debug] [2026-02-03T00:23:30.286Z] Checked if tokens are valid: true, expires at: 1770081809191
[debug] [2026-02-03T00:23:30.287Z] Checked if tokens are valid: true, expires at: 1770081809191
[debug] [2026-02-03T00:23:30.287Z] Checked if tokens are valid: true, expires at: 1770081809191
[debug] [2026-02-03T00:23:30.288Z] Checked if tokens are valid: true, expires at: 1770081809191
[debug] [2026-02-03T00:23:30.290Z] Checked if tokens are valid: true, expires at: 1770081809191
[debug] [2026-02-03T00:23:30.290Z] Checked if tokens are valid: true, expires at: 1770081809191
[debug] [2026-02-03T00:23:30.291Z] Checked if tokens are valid: true, expires at: 1770081809191
[debug] [2026-02-03T00:23:30.291Z] Checked if tokens are valid: true, expires at: 1770081809191
[debug] [2026-02-03T00:23:30.291Z] Checked if tokens are valid: true, expires at: 1770081809191
[debug] [2026-02-03T00:23:30.292Z] Checked if tokens are valid: true, expires at: 1770081809191
[debug] [2026-02-03T00:23:30.292Z] Checked if tokens are valid: true, expires at: 1770081809191
[debug] [2026-02-03T00:23:30.292Z] Checked if tokens are valid: true, expires at: 1770081809191
[debug] [2026-02-03T00:23:30.292Z] Checked if tokens are valid: true, expires at: 1770081809191
[debug] [2026-02-03T00:23:30.318Z] Checked if tokens are valid: true, expires at: 1770081809191
[debug] [2026-02-03T00:23:30.319Z] Checked if tokens are valid: true, expires at: 1770081809191
[debug] [2026-02-03T00:23:30.319Z] Checked if tokens are valid: true, expires at: 1770081809191
[debug] [2026-02-03T00:23:30.319Z] Checked if tokens are valid: true, expires at: 1770081809191
[debug] [2026-02-03T00:23:30.320Z] >>> [apiv2][query] GET https://serviceusage.googleapis.com/v1/projects/spotify128-34465154-11448/services/firestore.googleapis.com [none]
[debug] [2026-02-03T00:23:30.320Z] >>> [apiv2][(partial)header] GET https://serviceusage.googleapis.com/v1/projects/spotify128-34465154-11448/services/firestore.googleapis.com  x-goog-user-project=spotify128-34465154-11448
[debug] [2026-02-03T00:23:30.324Z] >>> [apiv2][query] GET https://serviceusage.googleapis.com/v1/projects/spotify128-34465154-11448/services/storage.googleapis.com [none]
[debug] [2026-02-03T00:23:30.324Z] >>> [apiv2][(partial)header] GET https://serviceusage.googleapis.com/v1/projects/spotify128-34465154-11448/services/storage.googleapis.com  x-goog-user-project=spotify128-34465154-11448
[debug] [2026-02-03T00:23:30.328Z] >>> [apiv2][query] GET https://serviceusage.googleapis.com/v1/projects/spotify128-34465154-11448/services/firebasedataconnect.googleapis.com [none]
[debug] [2026-02-03T00:23:30.328Z] >>> [apiv2][(partial)header] GET https://serviceusage.googleapis.com/v1/projects/spotify128-34465154-11448/services/firebasedataconnect.googleapis.com  x-goog-user-project=spotify128-34465154-11448
[debug] [2026-02-03T00:23:30.331Z] >>> [apiv2][query] GET https://serviceusage.googleapis.com/v1/projects/spotify128-34465154-11448/services/identitytoolkit.googleapis.com [none]
[debug] [2026-02-03T00:23:30.331Z] >>> [apiv2][(partial)header] GET https://serviceusage.googleapis.com/v1/projects/spotify128-34465154-11448/services/identitytoolkit.googleapis.com  x-goog-user-project=spotify128-34465154-11448
[debug] [2026-02-03T00:23:30.333Z] >>> [apiv2][query] GET https://serviceusage.googleapis.com/v1/projects/spotify128-34465154-11448/services/fcm.googleapis.com [none]
[debug] [2026-02-03T00:23:30.333Z] >>> [apiv2][(partial)header] GET https://serviceusage.googleapis.com/v1/projects/spotify128-34465154-11448/services/fcm.googleapis.com  x-goog-user-project=spotify128-34465154-11448
[debug] [2026-02-03T00:23:30.336Z] >>> [apiv2][query] GET https://serviceusage.googleapis.com/v1/projects/spotify128-34465154-11448/services/cloudfunctions.googleapis.com [none]
[debug] [2026-02-03T00:23:30.337Z] >>> [apiv2][(partial)header] GET https://serviceusage.googleapis.com/v1/projects/spotify128-34465154-11448/services/cloudfunctions.googleapis.com  x-goog-user-project=spotify128-34465154-11448
[debug] [2026-02-03T00:23:30.340Z] >>> [apiv2][query] GET https://serviceusage.googleapis.com/v1/projects/spotify128-34465154-11448/services/firebaseremoteconfig.googleapis.com [none]
[debug] [2026-02-03T00:23:30.341Z] >>> [apiv2][(partial)header] GET https://serviceusage.googleapis.com/v1/projects/spotify128-34465154-11448/services/firebaseremoteconfig.googleapis.com  x-goog-user-project=spotify128-34465154-11448
[debug] [2026-02-03T00:23:30.343Z] >>> [apiv2][query] GET https://serviceusage.googleapis.com/v1/projects/spotify128-34465154-11448/services/firebaseapphosting.googleapis.com [none]
[debug] [2026-02-03T00:23:30.343Z] >>> [apiv2][(partial)header] GET https://serviceusage.googleapis.com/v1/projects/spotify128-34465154-11448/services/firebaseapphosting.googleapis.com  x-goog-user-project=spotify128-34465154-11448
[debug] [2026-02-03T00:23:30.346Z] >>> [apiv2][query] GET https://serviceusage.googleapis.com/v1/projects/spotify128-34465154-11448/services/firebaseio.com [none]
[debug] [2026-02-03T00:23:30.346Z] >>> [apiv2][(partial)header] GET https://serviceusage.googleapis.com/v1/projects/spotify128-34465154-11448/services/firebaseio.com  x-goog-user-project=spotify128-34465154-11448
[debug] [2026-02-03T00:23:30.438Z] <<< [apiv2][status] GET https://cloudbilling.googleapis.com/v1/projects/spotify128-34465154-11448/billingInfo 200
[debug] [2026-02-03T00:23:30.438Z] <<< [apiv2][body] GET https://cloudbilling.googleapis.com/v1/projects/spotify128-34465154-11448/billingInfo {"name":"projects/spotify128-34465154-11448/billingInfo","projectId":"spotify128-34465154-11448","billingAccountName":"","billingEnabled":false}
[debug] [2026-02-03T00:23:30.440Z] Checked if tokens are valid: true, expires at: 1770081809191
[debug] [2026-02-03T00:23:30.440Z] Checked if tokens are valid: true, expires at: 1770081809191
[debug] [2026-02-03T00:23:30.440Z] Checked if tokens are valid: true, expires at: 1770081809191
[debug] [2026-02-03T00:23:30.440Z] Checked if tokens are valid: true, expires at: 1770081809191
[debug] [2026-02-03T00:23:30.441Z] Checked if tokens are valid: true, expires at: 1770081809191
[debug] [2026-02-03T00:23:30.441Z] Checked if tokens are valid: true, expires at: 1770081809191
[debug] [2026-02-03T00:23:30.442Z] Checked if tokens are valid: true, expires at: 1770081809191
[debug] [2026-02-03T00:23:30.442Z] Checked if tokens are valid: true, expires at: 1770081809191
[debug] [2026-02-03T00:23:30.442Z] Checked if tokens are valid: true, expires at: 1770081809191
[debug] [2026-02-03T00:23:30.442Z] Checked if tokens are valid: true, expires at: 1770081809191
[debug] [2026-02-03T00:23:30.443Z] Checked if tokens are valid: true, expires at: 1770081809191
[debug] [2026-02-03T00:23:30.443Z] Checked if tokens are valid: true, expires at: 1770081809191
[debug] [2026-02-03T00:23:30.443Z] Checked if tokens are valid: true, expires at: 1770081809191
[debug] [2026-02-03T00:23:30.444Z] Checked if tokens are valid: true, expires at: 1770081809191
[debug] [2026-02-03T00:23:30.455Z] Checked if tokens are valid: true, expires at: 1770081809191
[debug] [2026-02-03T00:23:30.456Z] Checked if tokens are valid: true, expires at: 1770081809191
[debug] [2026-02-03T00:23:30.456Z] Checked if tokens are valid: true, expires at: 1770081809191
[debug] [2026-02-03T00:23:30.457Z] Checked if tokens are valid: true, expires at: 1770081809191
[debug] [2026-02-03T00:23:30.457Z] >>> [apiv2][query] GET https://serviceusage.googleapis.com/v1/projects/spotify128-34465154-11448/services/firestore.googleapis.com [none]
[debug] [2026-02-03T00:23:30.457Z] >>> [apiv2][(partial)header] GET https://serviceusage.googleapis.com/v1/projects/spotify128-34465154-11448/services/firestore.googleapis.com  x-goog-user-project=spotify128-34465154-11448
[debug] [2026-02-03T00:23:30.461Z] >>> [apiv2][query] GET https://serviceusage.googleapis.com/v1/projects/spotify128-34465154-11448/services/storage.googleapis.com [none]
[debug] [2026-02-03T00:23:30.461Z] >>> [apiv2][(partial)header] GET https://serviceusage.googleapis.com/v1/projects/spotify128-34465154-11448/services/storage.googleapis.com  x-goog-user-project=spotify128-34465154-11448
[debug] [2026-02-03T00:23:30.464Z] >>> [apiv2][query] GET https://serviceusage.googleapis.com/v1/projects/spotify128-34465154-11448/services/firebasedataconnect.googleapis.com [none]
[debug] [2026-02-03T00:23:30.465Z] >>> [apiv2][(partial)header] GET https://serviceusage.googleapis.com/v1/projects/spotify128-34465154-11448/services/firebasedataconnect.googleapis.com  x-goog-user-project=spotify128-34465154-11448
[debug] [2026-02-03T00:23:30.467Z] >>> [apiv2][query] GET https://serviceusage.googleapis.com/v1/projects/spotify128-34465154-11448/services/identitytoolkit.googleapis.com [none]
[debug] [2026-02-03T00:23:30.467Z] >>> [apiv2][(partial)header] GET https://serviceusage.googleapis.com/v1/projects/spotify128-34465154-11448/services/identitytoolkit.googleapis.com  x-goog-user-project=spotify128-34465154-11448
[debug] [2026-02-03T00:23:30.469Z] >>> [apiv2][query] GET https://serviceusage.googleapis.com/v1/projects/spotify128-34465154-11448/services/fcm.googleapis.com [none]
[debug] [2026-02-03T00:23:30.469Z] >>> [apiv2][(partial)header] GET https://serviceusage.googleapis.com/v1/projects/spotify128-34465154-11448/services/fcm.googleapis.com  x-goog-user-project=spotify128-34465154-11448
[debug] [2026-02-03T00:23:30.472Z] >>> [apiv2][query] GET https://serviceusage.googleapis.com/v1/projects/spotify128-34465154-11448/services/cloudfunctions.googleapis.com [none]
[debug] [2026-02-03T00:23:30.472Z] >>> [apiv2][(partial)header] GET https://serviceusage.googleapis.com/v1/projects/spotify128-34465154-11448/services/cloudfunctions.googleapis.com  x-goog-user-project=spotify128-34465154-11448
[debug] [2026-02-03T00:23:30.473Z] >>> [apiv2][query] GET https://serviceusage.googleapis.com/v1/projects/spotify128-34465154-11448/services/firebaseremoteconfig.googleapis.com [none]
[debug] [2026-02-03T00:23:30.473Z] >>> [apiv2][(partial)header] GET https://serviceusage.googleapis.com/v1/projects/spotify128-34465154-11448/services/firebaseremoteconfig.googleapis.com  x-goog-user-project=spotify128-34465154-11448
[debug] [2026-02-03T00:23:30.476Z] >>> [apiv2][query] GET https://serviceusage.googleapis.com/v1/projects/spotify128-34465154-11448/services/firebaseapphosting.googleapis.com [none]
[debug] [2026-02-03T00:23:30.476Z] >>> [apiv2][(partial)header] GET https://serviceusage.googleapis.com/v1/projects/spotify128-34465154-11448/services/firebaseapphosting.googleapis.com  x-goog-user-project=spotify128-34465154-11448
[debug] [2026-02-03T00:23:30.478Z] >>> [apiv2][query] GET https://serviceusage.googleapis.com/v1/projects/spotify128-34465154-11448/services/firebaseio.com [none]
[debug] [2026-02-03T00:23:30.478Z] >>> [apiv2][(partial)header] GET https://serviceusage.googleapis.com/v1/projects/spotify128-34465154-11448/services/firebaseio.com  x-goog-user-project=spotify128-34465154-11448
[debug] [2026-02-03T00:23:30.589Z] <<< [apiv2][status] GET https://serviceusage.googleapis.com/v1/projects/spotify128-34465154-11448/services/firebasedataconnect.googleapis.com 200
[debug] [2026-02-03T00:23:30.589Z] <<< [apiv2][body] GET https://serviceusage.googleapis.com/v1/projects/spotify128-34465154-11448/services/firebasedataconnect.googleapis.com [omitted]
[debug] [2026-02-03T00:23:30.594Z] <<< [apiv2][status] GET https://serviceusage.googleapis.com/v1/projects/spotify128-34465154-11448/services/fcm.googleapis.com 200
[debug] [2026-02-03T00:23:30.595Z] <<< [apiv2][body] GET https://serviceusage.googleapis.com/v1/projects/spotify128-34465154-11448/services/fcm.googleapis.com [omitted]
[debug] [2026-02-03T00:23:30.617Z] <<< [apiv2][status] GET https://serviceusage.googleapis.com/v1/projects/spotify128-34465154-11448/services/cloudfunctions.googleapis.com 200
[debug] [2026-02-03T00:23:30.618Z] <<< [apiv2][body] GET https://serviceusage.googleapis.com/v1/projects/spotify128-34465154-11448/services/cloudfunctions.googleapis.com [omitted]
[debug] [2026-02-03T00:23:30.630Z] <<< [apiv2][status] GET https://serviceusage.googleapis.com/v1/projects/spotify128-34465154-11448/services/firebaseio.com 403
[debug] [2026-02-03T00:23:30.634Z] <<< [apiv2][body] GET https://serviceusage.googleapis.com/v1/projects/spotify128-34465154-11448/services/firebaseio.com [omitted]
[debug] [2026-02-03T00:23:30.639Z] <<< [apiv2][status] GET https://serviceusage.googleapis.com/v1/projects/spotify128-34465154-11448/services/identitytoolkit.googleapis.com 200
[debug] [2026-02-03T00:23:30.639Z] <<< [apiv2][body] GET https://serviceusage.googleapis.com/v1/projects/spotify128-34465154-11448/services/identitytoolkit.googleapis.com [omitted]
[debug] [2026-02-03T00:23:30.665Z] <<< [apiv2][status] GET https://serviceusage.googleapis.com/v1/projects/spotify128-34465154-11448/services/storage.googleapis.com 200
[debug] [2026-02-03T00:23:30.665Z] <<< [apiv2][body] GET https://serviceusage.googleapis.com/v1/projects/spotify128-34465154-11448/services/storage.googleapis.com [omitted]
[debug] [2026-02-03T00:23:30.680Z] <<< [apiv2][status] GET https://serviceusage.googleapis.com/v1/projects/spotify128-34465154-11448/services/firestore.googleapis.com 200
[debug] [2026-02-03T00:23:30.681Z] <<< [apiv2][body] GET https://serviceusage.googleapis.com/v1/projects/spotify128-34465154-11448/services/firestore.googleapis.com [omitted]
[debug] [2026-02-03T00:23:30.681Z] <<< [apiv2][status] GET https://serviceusage.googleapis.com/v1/projects/spotify128-34465154-11448/services/firebaseremoteconfig.googleapis.com 200
[debug] [2026-02-03T00:23:30.681Z] <<< [apiv2][body] GET https://serviceusage.googleapis.com/v1/projects/spotify128-34465154-11448/services/firebaseremoteconfig.googleapis.com [omitted]
[debug] [2026-02-03T00:23:30.690Z] <<< [apiv2][status] GET https://serviceusage.googleapis.com/v1/projects/spotify128-34465154-11448/services/firebaseapphosting.googleapis.com 200
[debug] [2026-02-03T00:23:30.691Z] <<< [apiv2][body] GET https://serviceusage.googleapis.com/v1/projects/spotify128-34465154-11448/services/firebaseapphosting.googleapis.com [omitted]
[error] Failed to fetch Firebase Project from Studio Workspace because WORKSPACE_SLUG environment variable is empty
[error] Failed to fetch Firebase Project from Studio Workspace because WORKSPACE_SLUG environment variable is empty
[error] Failed to fetch Firebase Project from Studio Workspace because WORKSPACE_SLUG environment variable is empty
[debug] [2026-02-03T00:23:30.696Z] > command requires scopes: ["email","openid","https://www.googleapis.com/auth/cloudplatformprojects.readonly","https://www.googleapis.com/auth/firebase","https://www.googleapis.com/auth/cloud-platform","https://www.googleapis.com/auth/userinfo.email"]
[debug] [2026-02-03T00:23:30.696Z] > authorizing via signed-in user (a.23308051281291@cbtis128.edu.mx)
[debug] [2026-02-03T00:23:30.696Z] Checked if tokens are valid: true, expires at: 1770081809191
[debug] [2026-02-03T00:23:30.696Z] Checked if tokens are valid: true, expires at: 1770081809191
[debug] [2026-02-03T00:23:30.697Z] >>> [apiv2][query] GET https://cloudbilling.googleapis.com/v1/projects/spotify128-34465154-11448/billingInfo [none]
[debug] [2026-02-03T00:23:30.699Z] <<< [apiv2][status] GET https://serviceusage.googleapis.com/v1/projects/spotify128-34465154-11448/services/fcm.googleapis.com 200
[debug] [2026-02-03T00:23:30.699Z] <<< [apiv2][body] GET https://serviceusage.googleapis.com/v1/projects/spotify128-34465154-11448/services/fcm.googleapis.com [omitted]
[debug] [2026-02-03T00:23:30.717Z] <<< [apiv2][status] GET https://serviceusage.googleapis.com/v1/projects/spotify128-34465154-11448/services/storage.googleapis.com 200
[debug] [2026-02-03T00:23:30.717Z] <<< [apiv2][body] GET https://serviceusage.googleapis.com/v1/projects/spotify128-34465154-11448/services/storage.googleapis.com [omitted]
[debug] [2026-02-03T00:23:30.725Z] <<< [apiv2][status] GET https://serviceusage.googleapis.com/v1/projects/spotify128-34465154-11448/services/firebaseio.com 403
[debug] [2026-02-03T00:23:30.725Z] <<< [apiv2][body] GET https://serviceusage.googleapis.com/v1/projects/spotify128-34465154-11448/services/firebaseio.com [omitted]
[debug] [2026-02-03T00:23:30.729Z] <<< [apiv2][status] GET https://serviceusage.googleapis.com/v1/projects/spotify128-34465154-11448/services/firebaseremoteconfig.googleapis.com 200
[debug] [2026-02-03T00:23:30.729Z] <<< [apiv2][body] GET https://serviceusage.googleapis.com/v1/projects/spotify128-34465154-11448/services/firebaseremoteconfig.googleapis.com [omitted]
[debug] [2026-02-03T00:23:30.738Z] <<< [apiv2][status] GET https://serviceusage.googleapis.com/v1/projects/spotify128-34465154-11448/services/identitytoolkit.googleapis.com 200
[debug] [2026-02-03T00:23:30.738Z] <<< [apiv2][body] GET https://serviceusage.googleapis.com/v1/projects/spotify128-34465154-11448/services/identitytoolkit.googleapis.com [omitted]
[debug] [2026-02-03T00:23:30.745Z] <<< [apiv2][status] GET https://serviceusage.googleapis.com/v1/projects/spotify128-34465154-11448/services/firestore.googleapis.com 200
[debug] [2026-02-03T00:23:30.746Z] <<< [apiv2][body] GET https://serviceusage.googleapis.com/v1/projects/spotify128-34465154-11448/services/firestore.googleapis.com [omitted]
[debug] [2026-02-03T00:23:30.746Z] <<< [apiv2][status] GET https://serviceusage.googleapis.com/v1/projects/spotify128-34465154-11448/services/firebasedataconnect.googleapis.com 200
[debug] [2026-02-03T00:23:30.747Z] <<< [apiv2][body] GET https://serviceusage.googleapis.com/v1/projects/spotify128-34465154-11448/services/firebasedataconnect.googleapis.com [omitted]
[debug] [2026-02-03T00:23:30.749Z] <<< [apiv2][status] GET https://serviceusage.googleapis.com/v1/projects/spotify128-34465154-11448/services/firebaseapphosting.googleapis.com 200
[debug] [2026-02-03T00:23:30.749Z] <<< [apiv2][body] GET https://serviceusage.googleapis.com/v1/projects/spotify128-34465154-11448/services/firebaseapphosting.googleapis.com [omitted]
[debug] [2026-02-03T00:23:30.754Z] <<< [apiv2][status] GET https://serviceusage.googleapis.com/v1/projects/spotify128-34465154-11448/services/cloudfunctions.googleapis.com 200
[debug] [2026-02-03T00:23:30.754Z] <<< [apiv2][body] GET https://serviceusage.googleapis.com/v1/projects/spotify128-34465154-11448/services/cloudfunctions.googleapis.com [omitted]
[debug] [2026-02-03T00:23:30.764Z] <<< [apiv2][status] GET https://cloudbilling.googleapis.com/v1/projects/spotify128-34465154-11448/billingInfo 200
[debug] [2026-02-03T00:23:30.764Z] <<< [apiv2][body] GET https://cloudbilling.googleapis.com/v1/projects/spotify128-34465154-11448/billingInfo {"name":"projects/spotify128-34465154-11448/billingInfo","projectId":"spotify128-34465154-11448","billingAccountName":"","billingEnabled":false}
[error] Failed to fetch Firebase Project from Studio Workspace because WORKSPACE_SLUG environment variable is empty
[debug] [2026-02-03T00:23:30.771Z] > command requires scopes: ["email","openid","https://www.googleapis.com/auth/cloudplatformprojects.readonly","https://www.googleapis.com/auth/firebase","https://www.googleapis.com/auth/cloud-platform","https://www.googleapis.com/auth/userinfo.email"]
[debug] [2026-02-03T00:23:30.771Z] > authorizing via signed-in user (a.23308051281291@cbtis128.edu.mx)
[error] Failed to fetch Firebase Project from Studio Workspace because WORKSPACE_SLUG environment variable is empty
[error] Failed to fetch Firebase Project from Studio Workspace because WORKSPACE_SLUG environment variable is empty
[error] Failed to fetch Firebase Project from Studio Workspace because WORKSPACE_SLUG environment variable is empty
[debug] [2026-02-03T00:23:30.796Z] > command requires scopes: ["email","openid","https://www.googleapis.com/auth/cloudplatformprojects.readonly","https://www.googleapis.com/auth/firebase","https://www.googleapis.com/auth/cloud-platform","https://www.googleapis.com/auth/userinfo.email"]
[debug] [2026-02-03T00:23:30.796Z] > authorizing via signed-in user (a.23308051281291@cbtis128.edu.mx)
[debug] [2026-02-03T00:23:30.796Z] Checked if tokens are valid: true, expires at: 1770081809191
[debug] [2026-02-03T00:23:30.796Z] Checked if tokens are valid: true, expires at: 1770081809191
[debug] [2026-02-03T00:23:30.796Z] >>> [apiv2][query] GET https://cloudbilling.googleapis.com/v1/projects/spotify128-34465154-11448/billingInfo [none]
[error] Failed to fetch Firebase Project from Studio Workspace because WORKSPACE_SLUG environment variable is empty
[error] Failed to fetch Firebase Project from Studio Workspace because WORKSPACE_SLUG environment variable is empty
[error] Failed to fetch Firebase Project from Studio Workspace because WORKSPACE_SLUG environment variable is empty
[debug] [2026-02-03T00:23:30.804Z] > command requires scopes: ["email","openid","https://www.googleapis.com/auth/cloudplatformprojects.readonly","https://www.googleapis.com/auth/firebase","https://www.googleapis.com/auth/cloud-platform","https://www.googleapis.com/auth/userinfo.email"]
[debug] [2026-02-03T00:23:30.804Z] > authorizing via signed-in user (a.23308051281291@cbtis128.edu.mx)
[debug] [2026-02-03T00:23:30.805Z] Checked if tokens are valid: true, expires at: 1770081809191
[debug] [2026-02-03T00:23:30.805Z] Checked if tokens are valid: true, expires at: 1770081809191
[debug] [2026-02-03T00:23:30.805Z] >>> [apiv2][query] GET https://cloudbilling.googleapis.com/v1/projects/spotify128-34465154-11448/billingInfo [none]
[debug] [2026-02-03T00:23:30.861Z] <<< [apiv2][status] GET https://cloudbilling.googleapis.com/v1/projects/spotify128-34465154-11448/billingInfo 200
[debug] [2026-02-03T00:23:30.863Z] <<< [apiv2][body] GET https://cloudbilling.googleapis.com/v1/projects/spotify128-34465154-11448/billingInfo {"name":"projects/spotify128-34465154-11448/billingInfo","projectId":"spotify128-34465154-11448","billingAccountName":"","billingEnabled":false}
[error] Failed to fetch Firebase Project from Studio Workspace because WORKSPACE_SLUG environment variable is empty
[debug] [2026-02-03T00:23:30.867Z] > command requires scopes: ["email","openid","https://www.googleapis.com/auth/cloudplatformprojects.readonly","https://www.googleapis.com/auth/firebase","https://www.googleapis.com/auth/cloud-platform","https://www.googleapis.com/auth/userinfo.email"]
[debug] [2026-02-03T00:23:30.867Z] > authorizing via signed-in user (a.23308051281291@cbtis128.edu.mx)
[debug] [2026-02-03T00:23:30.881Z] <<< [apiv2][status] GET https://cloudbilling.googleapis.com/v1/projects/spotify128-34465154-11448/billingInfo 200
[debug] [2026-02-03T00:23:30.882Z] <<< [apiv2][body] GET https://cloudbilling.googleapis.com/v1/projects/spotify128-34465154-11448/billingInfo {"name":"projects/spotify128-34465154-11448/billingInfo","projectId":"spotify128-34465154-11448","billingAccountName":"","billingEnabled":false}
[error] Failed to fetch Firebase Project from Studio Workspace because WORKSPACE_SLUG environment variable is empty
[debug] [2026-02-03T00:23:30.885Z] > command requires scopes: ["email","openid","https://www.googleapis.com/auth/cloudplatformprojects.readonly","https://www.googleapis.com/auth/firebase","https://www.googleapis.com/auth/cloud-platform","https://www.googleapis.com/auth/userinfo.email"]
[debug] [2026-02-03T00:23:30.888Z] > authorizing via signed-in user (a.23308051281291@cbtis128.edu.mx)
[error] Failed to fetch Firebase Project from Studio Workspace because WORKSPACE_SLUG environment variable is empty
[error] Failed to fetch Firebase Project from Studio Workspace because WORKSPACE_SLUG environment variable is empty
[error] Failed to fetch Firebase Project from Studio Workspace because WORKSPACE_SLUG environment variable is empty
[error] Failed to fetch Firebase Project from Studio Workspace because WORKSPACE_SLUG environment variable is empty
[debug] [2026-02-03T01:00:53.539Z] > command requires scopes: ["email","openid","https://www.googleapis.com/auth/cloudplatformprojects.readonly","https://www.googleapis.com/auth/firebase","https://www.googleapis.com/auth/cloud-platform","https://www.googleapis.com/auth/userinfo.email"]
[debug] [2026-02-03T01:00:53.540Z] > authorizing via signed-in user (a.23308051281291@cbtis128.edu.mx)
[debug] [2026-02-03T01:00:53.542Z] Checked if tokens are valid: true, expires at: 1770081809191
[debug] [2026-02-03T01:00:53.543Z] Checked if tokens are valid: true, expires at: 1770081809191
[debug] [2026-02-03T01:00:53.543Z] > command requires scopes: ["email","openid","https://www.googleapis.com/auth/cloudplatformprojects.readonly","https://www.googleapis.com/auth/firebase","https://www.googleapis.com/auth/cloud-platform","https://www.googleapis.com/auth/userinfo.email"]
[debug] [2026-02-03T01:00:53.544Z] > authorizing via signed-in user (a.23308051281291@cbtis128.edu.mx)
[debug] [2026-02-03T01:00:53.544Z] Checked if tokens are valid: true, expires at: 1770081809191
[debug] [2026-02-03T01:00:53.544Z] Checked if tokens are valid: true, expires at: 1770081809191
[debug] [2026-02-03T01:00:53.546Z] >>> [apiv2][query] GET https://cloudbilling.googleapis.com/v1/projects/spotify128-34465154-11448/billingInfo [none]
[debug] [2026-02-03T01:00:53.612Z] >>> [apiv2][query] GET https://cloudbilling.googleapis.com/v1/projects/spotify128-34465154-11448/billingInfo [none]
[debug] [2026-02-03T01:00:53.722Z] <<< [apiv2][status] GET https://cloudbilling.googleapis.com/v1/projects/spotify128-34465154-11448/billingInfo 200
[debug] [2026-02-03T01:00:53.722Z] <<< [apiv2][body] GET https://cloudbilling.googleapis.com/v1/projects/spotify128-34465154-11448/billingInfo {"name":"projects/spotify128-34465154-11448/billingInfo","projectId":"spotify128-34465154-11448","billingAccountName":"","billingEnabled":false}
[debug] [2026-02-03T01:00:53.734Z] Checked if tokens are valid: true, expires at: 1770081809191
[debug] [2026-02-03T01:00:53.734Z] Checked if tokens are valid: true, expires at: 1770081809191
[debug] [2026-02-03T01:00:53.735Z] Checked if tokens are valid: true, expires at: 1770081809191
[debug] [2026-02-03T01:00:53.735Z] Checked if tokens are valid: true, expires at: 1770081809191
[debug] [2026-02-03T01:00:53.736Z] Checked if tokens are valid: true, expires at: 1770081809191
[debug] [2026-02-03T01:00:53.736Z] Checked if tokens are valid: true, expires at: 1770081809191
[debug] [2026-02-03T01:00:53.759Z] Checked if tokens are valid: true, expires at: 1770081809191
[debug] [2026-02-03T01:00:53.759Z] Checked if tokens are valid: true, expires at: 1770081809191
[debug] [2026-02-03T01:00:53.760Z] Checked if tokens are valid: true, expires at: 1770081809191
[debug] [2026-02-03T01:00:53.760Z] Checked if tokens are valid: true, expires at: 1770081809191
[debug] [2026-02-03T01:00:53.761Z] >>> [apiv2][query] GET https://serviceusage.googleapis.com/v1/projects/spotify128-34465154-11448/services/firestore.googleapis.com [none]
[debug] [2026-02-03T01:00:53.761Z] >>> [apiv2][(partial)header] GET https://serviceusage.googleapis.com/v1/projects/spotify128-34465154-11448/services/firestore.googleapis.com  x-goog-user-project=spotify128-34465154-11448
[debug] [2026-02-03T01:00:53.764Z] >>> [apiv2][query] GET https://serviceusage.googleapis.com/v1/projects/spotify128-34465154-11448/services/firebasedataconnect.googleapis.com [none]
[debug] [2026-02-03T01:00:53.764Z] >>> [apiv2][(partial)header] GET https://serviceusage.googleapis.com/v1/projects/spotify128-34465154-11448/services/firebasedataconnect.googleapis.com  x-goog-user-project=spotify128-34465154-11448
[debug] [2026-02-03T01:00:53.766Z] >>> [apiv2][query] GET https://serviceusage.googleapis.com/v1/projects/spotify128-34465154-11448/services/cloudfunctions.googleapis.com [none]
[debug] [2026-02-03T01:00:53.767Z] >>> [apiv2][(partial)header] GET https://serviceusage.googleapis.com/v1/projects/spotify128-34465154-11448/services/cloudfunctions.googleapis.com  x-goog-user-project=spotify128-34465154-11448
[debug] [2026-02-03T01:00:53.769Z] >>> [apiv2][query] GET https://serviceusage.googleapis.com/v1/projects/spotify128-34465154-11448/services/firebaseapphosting.googleapis.com [none]
[debug] [2026-02-03T01:00:53.770Z] >>> [apiv2][(partial)header] GET https://serviceusage.googleapis.com/v1/projects/spotify128-34465154-11448/services/firebaseapphosting.googleapis.com  x-goog-user-project=spotify128-34465154-11448
[debug] [2026-02-03T01:00:53.771Z] >>> [apiv2][query] GET https://serviceusage.googleapis.com/v1/projects/spotify128-34465154-11448/services/firebaseio.com [none]
[debug] [2026-02-03T01:00:53.772Z] >>> [apiv2][(partial)header] GET https://serviceusage.googleapis.com/v1/projects/spotify128-34465154-11448/services/firebaseio.com  x-goog-user-project=spotify128-34465154-11448
[debug] [2026-02-03T01:00:53.822Z] <<< [apiv2][status] GET https://cloudbilling.googleapis.com/v1/projects/spotify128-34465154-11448/billingInfo 200
[debug] [2026-02-03T01:00:53.825Z] <<< [apiv2][body] GET https://cloudbilling.googleapis.com/v1/projects/spotify128-34465154-11448/billingInfo {"name":"projects/spotify128-34465154-11448/billingInfo","projectId":"spotify128-34465154-11448","billingAccountName":"","billingEnabled":false}
[debug] [2026-02-03T01:00:53.826Z] Checked if tokens are valid: true, expires at: 1770081809191
[debug] [2026-02-03T01:00:53.827Z] Checked if tokens are valid: true, expires at: 1770081809191
[debug] [2026-02-03T01:00:53.827Z] Checked if tokens are valid: true, expires at: 1770081809191
[debug] [2026-02-03T01:00:53.827Z] Checked if tokens are valid: true, expires at: 1770081809191
[debug] [2026-02-03T01:00:53.828Z] Checked if tokens are valid: true, expires at: 1770081809191
[debug] [2026-02-03T01:00:53.828Z] Checked if tokens are valid: true, expires at: 1770081809191
[debug] [2026-02-03T01:00:53.837Z] Checked if tokens are valid: true, expires at: 1770081809191
[debug] [2026-02-03T01:00:53.838Z] Checked if tokens are valid: true, expires at: 1770081809191
[debug] [2026-02-03T01:00:53.838Z] Checked if tokens are valid: true, expires at: 1770081809191
[debug] [2026-02-03T01:00:53.838Z] Checked if tokens are valid: true, expires at: 1770081809191
[debug] [2026-02-03T01:00:53.838Z] >>> [apiv2][query] GET https://serviceusage.googleapis.com/v1/projects/spotify128-34465154-11448/services/firestore.googleapis.com [none]
[debug] [2026-02-03T01:00:53.839Z] >>> [apiv2][(partial)header] GET https://serviceusage.googleapis.com/v1/projects/spotify128-34465154-11448/services/firestore.googleapis.com  x-goog-user-project=spotify128-34465154-11448
[debug] [2026-02-03T01:00:53.841Z] >>> [apiv2][query] GET https://serviceusage.googleapis.com/v1/projects/spotify128-34465154-11448/services/firebasedataconnect.googleapis.com [none]
[debug] [2026-02-03T01:00:53.842Z] >>> [apiv2][(partial)header] GET https://serviceusage.googleapis.com/v1/projects/spotify128-34465154-11448/services/firebasedataconnect.googleapis.com  x-goog-user-project=spotify128-34465154-11448
[debug] [2026-02-03T01:00:53.845Z] >>> [apiv2][query] GET https://serviceusage.googleapis.com/v1/projects/spotify128-34465154-11448/services/cloudfunctions.googleapis.com [none]
[debug] [2026-02-03T01:00:53.846Z] >>> [apiv2][(partial)header] GET https://serviceusage.googleapis.com/v1/projects/spotify128-34465154-11448/services/cloudfunctions.googleapis.com  x-goog-user-project=spotify128-34465154-11448
[debug] [2026-02-03T01:00:53.849Z] >>> [apiv2][query] GET https://serviceusage.googleapis.com/v1/projects/spotify128-34465154-11448/services/firebaseapphosting.googleapis.com [none]
[debug] [2026-02-03T01:00:53.849Z] >>> [apiv2][(partial)header] GET https://serviceusage.googleapis.com/v1/projects/spotify128-34465154-11448/services/firebaseapphosting.googleapis.com  x-goog-user-project=spotify128-34465154-11448
[debug] [2026-02-03T01:00:53.852Z] >>> [apiv2][query] GET https://serviceusage.googleapis.com/v1/projects/spotify128-34465154-11448/services/firebaseio.com [none]
[debug] [2026-02-03T01:00:53.853Z] >>> [apiv2][(partial)header] GET https://serviceusage.googleapis.com/v1/projects/spotify128-34465154-11448/services/firebaseio.com  x-goog-user-project=spotify128-34465154-11448
[debug] [2026-02-03T01:00:53.899Z] <<< [apiv2][status] GET https://serviceusage.googleapis.com/v1/projects/spotify128-34465154-11448/services/firebaseio.com 403
[debug] [2026-02-03T01:00:53.900Z] <<< [apiv2][body] GET https://serviceusage.googleapis.com/v1/projects/spotify128-34465154-11448/services/firebaseio.com [omitted]
[debug] [2026-02-03T01:00:53.946Z] <<< [apiv2][status] GET https://serviceusage.googleapis.com/v1/projects/spotify128-34465154-11448/services/firebaseapphosting.googleapis.com 200
[debug] [2026-02-03T01:00:53.947Z] <<< [apiv2][body] GET https://serviceusage.googleapis.com/v1/projects/spotify128-34465154-11448/services/firebaseapphosting.googleapis.com [omitted]
[debug] [2026-02-03T01:00:53.951Z] <<< [apiv2][status] GET https://serviceusage.googleapis.com/v1/projects/spotify128-34465154-11448/services/cloudfunctions.googleapis.com 200
[debug] [2026-02-03T01:00:53.951Z] <<< [apiv2][body] GET https://serviceusage.googleapis.com/v1/projects/spotify128-34465154-11448/services/cloudfunctions.googleapis.com [omitted]
[debug] [2026-02-03T01:00:53.957Z] <<< [apiv2][status] GET https://serviceusage.googleapis.com/v1/projects/spotify128-34465154-11448/services/firebasedataconnect.googleapis.com 200
[debug] [2026-02-03T01:00:53.958Z] <<< [apiv2][body] GET https://serviceusage.googleapis.com/v1/projects/spotify128-34465154-11448/services/firebasedataconnect.googleapis.com [omitted]
[debug] [2026-02-03T01:00:53.990Z] <<< [apiv2][status] GET https://serviceusage.googleapis.com/v1/projects/spotify128-34465154-11448/services/firebaseio.com 403
[debug] [2026-02-03T01:00:53.990Z] <<< [apiv2][body] GET https://serviceusage.googleapis.com/v1/projects/spotify128-34465154-11448/services/firebaseio.com [omitted]
[debug] [2026-02-03T01:00:53.995Z] <<< [apiv2][status] GET https://serviceusage.googleapis.com/v1/projects/spotify128-34465154-11448/services/firestore.googleapis.com 200
[debug] [2026-02-03T01:00:53.995Z] <<< [apiv2][body] GET https://serviceusage.googleapis.com/v1/projects/spotify128-34465154-11448/services/firestore.googleapis.com [omitted]
[error] Failed to fetch Firebase Project from Studio Workspace because WORKSPACE_SLUG environment variable is empty
[error] Failed to fetch Firebase Project from Studio Workspace because WORKSPACE_SLUG environment variable is empty
[error] Failed to fetch Firebase Project from Studio Workspace because WORKSPACE_SLUG environment variable is empty
[debug] [2026-02-03T01:00:54.003Z] > command requires scopes: ["email","openid","https://www.googleapis.com/auth/cloudplatformprojects.readonly","https://www.googleapis.com/auth/firebase","https://www.googleapis.com/auth/cloud-platform","https://www.googleapis.com/auth/userinfo.email"]
[debug] [2026-02-03T01:00:54.004Z] > authorizing via signed-in user (a.23308051281291@cbtis128.edu.mx)
[debug] [2026-02-03T01:00:54.005Z] Checked if tokens are valid: true, expires at: 1770081809191
[debug] [2026-02-03T01:00:54.005Z] Checked if tokens are valid: true, expires at: 1770081809191
[debug] [2026-02-03T01:00:54.006Z] >>> [apiv2][query] GET https://cloudbilling.googleapis.com/v1/projects/spotify128-34465154-11448/billingInfo [none]
[debug] [2026-02-03T01:00:54.017Z] <<< [apiv2][status] GET https://serviceusage.googleapis.com/v1/projects/spotify128-34465154-11448/services/firestore.googleapis.com 200
[debug] [2026-02-03T01:00:54.017Z] <<< [apiv2][body] GET https://serviceusage.googleapis.com/v1/projects/spotify128-34465154-11448/services/firestore.googleapis.com [omitted]
[debug] [2026-02-03T01:00:54.019Z] <<< [apiv2][status] GET https://serviceusage.googleapis.com/v1/projects/spotify128-34465154-11448/services/firebasedataconnect.googleapis.com 200
[debug] [2026-02-03T01:00:54.019Z] <<< [apiv2][body] GET https://serviceusage.googleapis.com/v1/projects/spotify128-34465154-11448/services/firebasedataconnect.googleapis.com [omitted]
[debug] [2026-02-03T01:00:54.021Z] <<< [apiv2][status] GET https://serviceusage.googleapis.com/v1/projects/spotify128-34465154-11448/services/cloudfunctions.googleapis.com 200
[debug] [2026-02-03T01:00:54.021Z] <<< [apiv2][body] GET https://serviceusage.googleapis.com/v1/projects/spotify128-34465154-11448/services/cloudfunctions.googleapis.com [omitted]
[debug] [2026-02-03T01:00:54.022Z] <<< [apiv2][status] GET https://serviceusage.googleapis.com/v1/projects/spotify128-34465154-11448/services/firebaseapphosting.googleapis.com 200
[debug] [2026-02-03T01:00:54.022Z] <<< [apiv2][body] GET https://serviceusage.googleapis.com/v1/projects/spotify128-34465154-11448/services/firebaseapphosting.googleapis.com [omitted]
[debug] [2026-02-03T01:00:54.067Z] <<< [apiv2][status] GET https://cloudbilling.googleapis.com/v1/projects/spotify128-34465154-11448/billingInfo 200
[debug] [2026-02-03T01:00:54.067Z] <<< [apiv2][body] GET https://cloudbilling.googleapis.com/v1/projects/spotify128-34465154-11448/billingInfo {"name":"projects/spotify128-34465154-11448/billingInfo","projectId":"spotify128-34465154-11448","billingAccountName":"","billingEnabled":false}
[error] Failed to fetch Firebase Project from Studio Workspace because WORKSPACE_SLUG environment variable is empty
[debug] [2026-02-03T01:00:54.073Z] > command requires scopes: ["email","openid","https://www.googleapis.com/auth/cloudplatformprojects.readonly","https://www.googleapis.com/auth/firebase","https://www.googleapis.com/auth/cloud-platform","https://www.googleapis.com/auth/userinfo.email"]
[debug] [2026-02-03T01:00:54.077Z] > authorizing via signed-in user (a.23308051281291@cbtis128.edu.mx)
[error] Failed to fetch Firebase Project from Studio Workspace because WORKSPACE_SLUG environment variable is empty
[error] Failed to fetch Firebase Project from Studio Workspace because WORKSPACE_SLUG environment variable is empty
[error] Failed to fetch Firebase Project from Studio Workspace because WORKSPACE_SLUG environment variable is empty
[debug] [2026-02-03T01:00:54.107Z] > command requires scopes: ["email","openid","https://www.googleapis.com/auth/cloudplatformprojects.readonly","https://www.googleapis.com/auth/firebase","https://www.googleapis.com/auth/cloud-platform","https://www.googleapis.com/auth/userinfo.email"]
[debug] [2026-02-03T01:00:54.107Z] > authorizing via signed-in user (a.23308051281291@cbtis128.edu.mx)
[debug] [2026-02-03T01:00:54.107Z] Checked if tokens are valid: true, expires at: 1770081809191
[debug] [2026-02-03T01:00:54.108Z] Checked if tokens are valid: true, expires at: 1770081809191
[debug] [2026-02-03T01:00:54.108Z] >>> [apiv2][query] GET https://cloudbilling.googleapis.com/v1/projects/spotify128-34465154-11448/billingInfo [none]
[error] Failed to fetch Firebase Project from Studio Workspace because WORKSPACE_SLUG environment variable is empty
[error] Failed to fetch Firebase Project from Studio Workspace because WORKSPACE_SLUG environment variable is empty
[error] Failed to fetch Firebase Project from Studio Workspace because WORKSPACE_SLUG environment variable is empty
[debug] [2026-02-03T01:00:54.122Z] > command requires scopes: ["email","openid","https://www.googleapis.com/auth/cloudplatformprojects.readonly","https://www.googleapis.com/auth/firebase","https://www.googleapis.com/auth/cloud-platform","https://www.googleapis.com/auth/userinfo.email"]
[debug] [2026-02-03T01:00:54.122Z] > authorizing via signed-in user (a.23308051281291@cbtis128.edu.mx)
[debug] [2026-02-03T01:00:54.122Z] Checked if tokens are valid: true, expires at: 1770081809191
[debug] [2026-02-03T01:00:54.122Z] Checked if tokens are valid: true, expires at: 1770081809191
[debug] [2026-02-03T01:00:54.123Z] >>> [apiv2][query] GET https://cloudbilling.googleapis.com/v1/projects/spotify128-34465154-11448/billingInfo [none]
[debug] [2026-02-03T01:00:54.152Z] <<< [apiv2][status] GET https://cloudbilling.googleapis.com/v1/projects/spotify128-34465154-11448/billingInfo 200
[debug] [2026-02-03T01:00:54.152Z] <<< [apiv2][body] GET https://cloudbilling.googleapis.com/v1/projects/spotify128-34465154-11448/billingInfo {"name":"projects/spotify128-34465154-11448/billingInfo","projectId":"spotify128-34465154-11448","billingAccountName":"","billingEnabled":false}
[error] Failed to fetch Firebase Project from Studio Workspace because WORKSPACE_SLUG environment variable is empty
[debug] [2026-02-03T01:00:54.157Z] > command requires scopes: ["email","openid","https://www.googleapis.com/auth/cloudplatformprojects.readonly","https://www.googleapis.com/auth/firebase","https://www.googleapis.com/auth/cloud-platform","https://www.googleapis.com/auth/userinfo.email"]
[debug] [2026-02-03T01:00:54.158Z] > authorizing via signed-in user (a.23308051281291@cbtis128.edu.mx)
[debug] [2026-02-03T01:00:54.171Z] <<< [apiv2][status] GET https://cloudbilling.googleapis.com/v1/projects/spotify128-34465154-11448/billingInfo 200
[debug] [2026-02-03T01:00:54.172Z] <<< [apiv2][body] GET https://cloudbilling.googleapis.com/v1/projects/spotify128-34465154-11448/billingInfo {"name":"projects/spotify128-34465154-11448/billingInfo","projectId":"spotify128-34465154-11448","billingAccountName":"","billingEnabled":false}
[error] Failed to fetch Firebase Project from Studio Workspace because WORKSPACE_SLUG environment variable is empty
[debug] [2026-02-03T01:00:54.178Z] > command requires scopes: ["email","openid","https://www.googleapis.com/auth/cloudplatformprojects.readonly","https://www.googleapis.com/auth/firebase","https://www.googleapis.com/auth/cloud-platform","https://www.googleapis.com/auth/userinfo.email"]
[debug] [2026-02-03T01:00:54.178Z] > authorizing via signed-in user (a.23308051281291@cbtis128.edu.mx)
[error] Failed to fetch Firebase Project from Studio Workspace because WORKSPACE_SLUG environment variable is empty
[error] Failed to fetch Firebase Project from Studio Workspace because WORKSPACE_SLUG environment variable is empty
[error] Failed to fetch Firebase Project from Studio Workspace because WORKSPACE_SLUG environment variable is empty
[error] Failed to fetch Firebase Project from Studio Workspace because WORKSPACE_SLUG environment variable is empty
[debug] [2026-02-03T01:31:47.097Z] > command requires scopes: ["email","openid","https://www.googleapis.com/auth/cloudplatformprojects.readonly","https://www.googleapis.com/auth/firebase","https://www.googleapis.com/auth/cloud-platform","https://www.googleapis.com/auth/userinfo.email"]
[debug] [2026-02-03T01:31:47.098Z] > authorizing via signed-in user (a.23308051281291@cbtis128.edu.mx)
[debug] [2026-02-03T01:31:47.104Z] Checked if tokens are valid: false, expires at: 1770081809191
[debug] [2026-02-03T01:31:47.105Z] Checked if tokens are valid: false, expires at: 1770081809191
[debug] [2026-02-03T01:31:47.105Z] > refreshing access token with scopes: []
[debug] [2026-02-03T01:31:47.108Z] >>> [apiv2][query] POST https://www.googleapis.com/oauth2/v3/token [none]
[debug] [2026-02-03T01:31:47.108Z] >>> [apiv2][body] POST https://www.googleapis.com/oauth2/v3/token [omitted]
[debug] [2026-02-03T01:31:47.167Z] > command requires scopes: ["email","openid","https://www.googleapis.com/auth/cloudplatformprojects.readonly","https://www.googleapis.com/auth/firebase","https://www.googleapis.com/auth/cloud-platform","https://www.googleapis.com/auth/userinfo.email"]
[debug] [2026-02-03T01:31:47.167Z] > authorizing via signed-in user (a.23308051281291@cbtis128.edu.mx)
[debug] [2026-02-03T01:31:47.168Z] Checked if tokens are valid: false, expires at: 1770081809191
[debug] [2026-02-03T01:31:47.168Z] Checked if tokens are valid: false, expires at: 1770081809191
[debug] [2026-02-03T01:31:47.168Z] > refreshing access token with scopes: []
[debug] [2026-02-03T01:31:47.169Z] >>> [apiv2][query] POST https://www.googleapis.com/oauth2/v3/token [none]
[debug] [2026-02-03T01:31:47.169Z] >>> [apiv2][body] POST https://www.googleapis.com/oauth2/v3/token [omitted]
[debug] [2026-02-03T01:31:47.258Z] <<< [apiv2][status] POST https://www.googleapis.com/oauth2/v3/token 200
[debug] [2026-02-03T01:31:47.259Z] <<< [apiv2][body] POST https://www.googleapis.com/oauth2/v3/token [omitted]
[debug] [2026-02-03T01:31:47.286Z] >>> [apiv2][query] GET https://cloudbilling.googleapis.com/v1/projects/spotify128-34465154-11448/billingInfo [none]
[debug] [2026-02-03T01:31:47.290Z] <<< [apiv2][status] POST https://www.googleapis.com/oauth2/v3/token 200
[debug] [2026-02-03T01:31:47.290Z] <<< [apiv2][body] POST https://www.googleapis.com/oauth2/v3/token [omitted]
[debug] [2026-02-03T01:31:47.304Z] >>> [apiv2][query] GET https://cloudbilling.googleapis.com/v1/projects/spotify128-34465154-11448/billingInfo [none]
[debug] [2026-02-03T01:31:47.396Z] <<< [apiv2][status] GET https://cloudbilling.googleapis.com/v1/projects/spotify128-34465154-11448/billingInfo 200
[debug] [2026-02-03T01:31:47.396Z] <<< [apiv2][body] GET https://cloudbilling.googleapis.com/v1/projects/spotify128-34465154-11448/billingInfo {"name":"projects/spotify128-34465154-11448/billingInfo","projectId":"spotify128-34465154-11448","billingAccountName":"","billingEnabled":false}
[debug] [2026-02-03T01:31:47.407Z] Checked if tokens are valid: true, expires at: 1770085906290
[debug] [2026-02-03T01:31:47.408Z] Checked if tokens are valid: true, expires at: 1770085906290
[debug] [2026-02-03T01:31:47.409Z] Checked if tokens are valid: true, expires at: 1770085906290
[debug] [2026-02-03T01:31:47.409Z] Checked if tokens are valid: true, expires at: 1770085906290
[debug] [2026-02-03T01:31:47.410Z] Checked if tokens are valid: true, expires at: 1770085906290
[debug] [2026-02-03T01:31:47.410Z] Checked if tokens are valid: true, expires at: 1770085906290
[debug] [2026-02-03T01:31:47.434Z] Checked if tokens are valid: true, expires at: 1770085906290
[debug] [2026-02-03T01:31:47.435Z] Checked if tokens are valid: true, expires at: 1770085906290
[debug] [2026-02-03T01:31:47.435Z] Checked if tokens are valid: true, expires at: 1770085906290
[debug] [2026-02-03T01:31:47.435Z] Checked if tokens are valid: true, expires at: 1770085906290
[debug] [2026-02-03T01:31:47.436Z] >>> [apiv2][query] GET https://serviceusage.googleapis.com/v1/projects/spotify128-34465154-11448/services/firestore.googleapis.com [none]
[debug] [2026-02-03T01:31:47.436Z] >>> [apiv2][(partial)header] GET https://serviceusage.googleapis.com/v1/projects/spotify128-34465154-11448/services/firestore.googleapis.com  x-goog-user-project=spotify128-34465154-11448
[debug] [2026-02-03T01:31:47.440Z] >>> [apiv2][query] GET https://serviceusage.googleapis.com/v1/projects/spotify128-34465154-11448/services/firebasedataconnect.googleapis.com [none]
[debug] [2026-02-03T01:31:47.440Z] >>> [apiv2][(partial)header] GET https://serviceusage.googleapis.com/v1/projects/spotify128-34465154-11448/services/firebasedataconnect.googleapis.com  x-goog-user-project=spotify128-34465154-11448
[debug] [2026-02-03T01:31:47.443Z] >>> [apiv2][query] GET https://serviceusage.googleapis.com/v1/projects/spotify128-34465154-11448/services/cloudfunctions.googleapis.com [none]
[debug] [2026-02-03T01:31:47.443Z] >>> [apiv2][(partial)header] GET https://serviceusage.googleapis.com/v1/projects/spotify128-34465154-11448/services/cloudfunctions.googleapis.com  x-goog-user-project=spotify128-34465154-11448
[debug] [2026-02-03T01:31:47.446Z] >>> [apiv2][query] GET https://serviceusage.googleapis.com/v1/projects/spotify128-34465154-11448/services/firebaseapphosting.googleapis.com [none]
[debug] [2026-02-03T01:31:47.447Z] >>> [apiv2][(partial)header] GET https://serviceusage.googleapis.com/v1/projects/spotify128-34465154-11448/services/firebaseapphosting.googleapis.com  x-goog-user-project=spotify128-34465154-11448
[debug] [2026-02-03T01:31:47.449Z] >>> [apiv2][query] GET https://serviceusage.googleapis.com/v1/projects/spotify128-34465154-11448/services/firebaseio.com [none]
[debug] [2026-02-03T01:31:47.449Z] >>> [apiv2][(partial)header] GET https://serviceusage.googleapis.com/v1/projects/spotify128-34465154-11448/services/firebaseio.com  x-goog-user-project=spotify128-34465154-11448
[debug] [2026-02-03T01:31:47.542Z] <<< [apiv2][status] GET https://cloudbilling.googleapis.com/v1/projects/spotify128-34465154-11448/billingInfo 200
[debug] [2026-02-03T01:31:47.542Z] <<< [apiv2][body] GET https://cloudbilling.googleapis.com/v1/projects/spotify128-34465154-11448/billingInfo {"name":"projects/spotify128-34465154-11448/billingInfo","projectId":"spotify128-34465154-11448","billingAccountName":"","billingEnabled":false}
[debug] [2026-02-03T01:31:47.544Z] Checked if tokens are valid: true, expires at: 1770085906290
[debug] [2026-02-03T01:31:47.545Z] Checked if tokens are valid: true, expires at: 1770085906290
[debug] [2026-02-03T01:31:47.545Z] Checked if tokens are valid: true, expires at: 1770085906290
[debug] [2026-02-03T01:31:47.545Z] Checked if tokens are valid: true, expires at: 1770085906290
[debug] [2026-02-03T01:31:47.546Z] Checked if tokens are valid: true, expires at: 1770085906290
[debug] [2026-02-03T01:31:47.546Z] Checked if tokens are valid: true, expires at: 1770085906290
[debug] [2026-02-03T01:31:47.574Z] Checked if tokens are valid: true, expires at: 1770085906290
[debug] [2026-02-03T01:31:47.575Z] Checked if tokens are valid: true, expires at: 1770085906290
[debug] [2026-02-03T01:31:47.577Z] Checked if tokens are valid: true, expires at: 1770085906290
[debug] [2026-02-03T01:31:47.577Z] Checked if tokens are valid: true, expires at: 1770085906290
[debug] [2026-02-03T01:31:47.580Z] >>> [apiv2][query] GET https://serviceusage.googleapis.com/v1/projects/spotify128-34465154-11448/services/firestore.googleapis.com [none]
[debug] [2026-02-03T01:31:47.580Z] >>> [apiv2][(partial)header] GET https://serviceusage.googleapis.com/v1/projects/spotify128-34465154-11448/services/firestore.googleapis.com  x-goog-user-project=spotify128-34465154-11448
[debug] [2026-02-03T01:31:47.584Z] >>> [apiv2][query] GET https://serviceusage.googleapis.com/v1/projects/spotify128-34465154-11448/services/firebasedataconnect.googleapis.com [none]
[debug] [2026-02-03T01:31:47.585Z] >>> [apiv2][(partial)header] GET https://serviceusage.googleapis.com/v1/projects/spotify128-34465154-11448/services/firebasedataconnect.googleapis.com  x-goog-user-project=spotify128-34465154-11448
[debug] [2026-02-03T01:31:47.588Z] >>> [apiv2][query] GET https://serviceusage.googleapis.com/v1/projects/spotify128-34465154-11448/services/cloudfunctions.googleapis.com [none]
[debug] [2026-02-03T01:31:47.589Z] >>> [apiv2][(partial)header] GET https://serviceusage.googleapis.com/v1/projects/spotify128-34465154-11448/services/cloudfunctions.googleapis.com  x-goog-user-project=spotify128-34465154-11448
[debug] [2026-02-03T01:31:47.593Z] >>> [apiv2][query] GET https://serviceusage.googleapis.com/v1/projects/spotify128-34465154-11448/services/firebaseapphosting.googleapis.com [none]
[debug] [2026-02-03T01:31:47.594Z] >>> [apiv2][(partial)header] GET https://serviceusage.googleapis.com/v1/projects/spotify128-34465154-11448/services/firebaseapphosting.googleapis.com  x-goog-user-project=spotify128-34465154-11448
[debug] [2026-02-03T01:31:47.598Z] >>> [apiv2][query] GET https://serviceusage.googleapis.com/v1/projects/spotify128-34465154-11448/services/firebaseio.com [none]
[debug] [2026-02-03T01:31:47.598Z] >>> [apiv2][(partial)header] GET https://serviceusage.googleapis.com/v1/projects/spotify128-34465154-11448/services/firebaseio.com  x-goog-user-project=spotify128-34465154-11448
[debug] [2026-02-03T01:31:47.665Z] <<< [apiv2][status] GET https://serviceusage.googleapis.com/v1/projects/spotify128-34465154-11448/services/firebaseio.com 403
[debug] [2026-02-03T01:31:47.669Z] <<< [apiv2][body] GET https://serviceusage.googleapis.com/v1/projects/spotify128-34465154-11448/services/firebaseio.com [omitted]
[debug] [2026-02-03T01:31:47.802Z] <<< [apiv2][status] GET https://serviceusage.googleapis.com/v1/projects/spotify128-34465154-11448/services/firebaseapphosting.googleapis.com 200
[debug] [2026-02-03T01:31:47.802Z] <<< [apiv2][body] GET https://serviceusage.googleapis.com/v1/projects/spotify128-34465154-11448/services/firebaseapphosting.googleapis.com [omitted]
[debug] [2026-02-03T01:31:47.803Z] <<< [apiv2][status] GET https://serviceusage.googleapis.com/v1/projects/spotify128-34465154-11448/services/firebasedataconnect.googleapis.com 200
[debug] [2026-02-03T01:31:47.804Z] <<< [apiv2][body] GET https://serviceusage.googleapis.com/v1/projects/spotify128-34465154-11448/services/firebasedataconnect.googleapis.com [omitted]
[debug] [2026-02-03T01:31:47.806Z] <<< [apiv2][status] GET https://serviceusage.googleapis.com/v1/projects/spotify128-34465154-11448/services/firebasedataconnect.googleapis.com 200
[debug] [2026-02-03T01:31:47.806Z] <<< [apiv2][body] GET https://serviceusage.googleapis.com/v1/projects/spotify128-34465154-11448/services/firebasedataconnect.googleapis.com [omitted]
[debug] [2026-02-03T01:31:47.808Z] <<< [apiv2][status] GET https://serviceusage.googleapis.com/v1/projects/spotify128-34465154-11448/services/firebaseio.com 403
[debug] [2026-02-03T01:31:47.809Z] <<< [apiv2][body] GET https://serviceusage.googleapis.com/v1/projects/spotify128-34465154-11448/services/firebaseio.com [omitted]
[debug] [2026-02-03T01:31:47.831Z] <<< [apiv2][status] GET https://serviceusage.googleapis.com/v1/projects/spotify128-34465154-11448/services/cloudfunctions.googleapis.com 200
[debug] [2026-02-03T01:31:47.832Z] <<< [apiv2][body] GET https://serviceusage.googleapis.com/v1/projects/spotify128-34465154-11448/services/cloudfunctions.googleapis.com [omitted]
[debug] [2026-02-03T01:31:47.838Z] <<< [apiv2][status] GET https://serviceusage.googleapis.com/v1/projects/spotify128-34465154-11448/services/firestore.googleapis.com 200
[debug] [2026-02-03T01:31:47.838Z] <<< [apiv2][body] GET https://serviceusage.googleapis.com/v1/projects/spotify128-34465154-11448/services/firestore.googleapis.com [omitted]
[debug] [2026-02-03T01:31:47.858Z] <<< [apiv2][status] GET https://serviceusage.googleapis.com/v1/projects/spotify128-34465154-11448/services/firestore.googleapis.com 200
[debug] [2026-02-03T01:31:47.859Z] <<< [apiv2][body] GET https://serviceusage.googleapis.com/v1/projects/spotify128-34465154-11448/services/firestore.googleapis.com [omitted]
[debug] [2026-02-03T01:31:47.863Z] <<< [apiv2][status] GET https://serviceusage.googleapis.com/v1/projects/spotify128-34465154-11448/services/firebaseapphosting.googleapis.com 200
[debug] [2026-02-03T01:31:47.863Z] <<< [apiv2][body] GET https://serviceusage.googleapis.com/v1/projects/spotify128-34465154-11448/services/firebaseapphosting.googleapis.com [omitted]
[debug] [2026-02-03T01:31:47.870Z] <<< [apiv2][status] GET https://serviceusage.googleapis.com/v1/projects/spotify128-34465154-11448/services/cloudfunctions.googleapis.com 200
[debug] [2026-02-03T01:31:47.872Z] <<< [apiv2][body] GET https://serviceusage.googleapis.com/v1/projects/spotify128-34465154-11448/services/cloudfunctions.googleapis.com [omitted]
[error] Failed to fetch Firebase Project from Studio Workspace because WORKSPACE_SLUG environment variable is empty
[error] Failed to fetch Firebase Project from Studio Workspace because WORKSPACE_SLUG environment variable is empty
[error] Failed to fetch Firebase Project from Studio Workspace because WORKSPACE_SLUG environment variable is empty
[debug] [2026-02-03T01:31:47.893Z] > command requires scopes: ["email","openid","https://www.googleapis.com/auth/cloudplatformprojects.readonly","https://www.googleapis.com/auth/firebase","https://www.googleapis.com/auth/cloud-platform","https://www.googleapis.com/auth/userinfo.email"]
[debug] [2026-02-03T01:31:47.893Z] > authorizing via signed-in user (a.23308051281291@cbtis128.edu.mx)
[debug] [2026-02-03T01:31:47.894Z] Checked if tokens are valid: true, expires at: 1770085906290
[debug] [2026-02-03T01:31:47.894Z] Checked if tokens are valid: true, expires at: 1770085906290
[debug] [2026-02-03T01:31:47.894Z] >>> [apiv2][query] GET https://cloudbilling.googleapis.com/v1/projects/spotify128-34465154-11448/billingInfo [none]
[debug] [2026-02-03T01:31:47.961Z] <<< [apiv2][status] GET https://cloudbilling.googleapis.com/v1/projects/spotify128-34465154-11448/billingInfo 200
[debug] [2026-02-03T01:31:47.963Z] <<< [apiv2][body] GET https://cloudbilling.googleapis.com/v1/projects/spotify128-34465154-11448/billingInfo {"name":"projects/spotify128-34465154-11448/billingInfo","projectId":"spotify128-34465154-11448","billingAccountName":"","billingEnabled":false}
[error] Failed to fetch Firebase Project from Studio Workspace because WORKSPACE_SLUG environment variable is empty
[debug] [2026-02-03T01:31:47.972Z] > command requires scopes: ["email","openid","https://www.googleapis.com/auth/cloudplatformprojects.readonly","https://www.googleapis.com/auth/firebase","https://www.googleapis.com/auth/cloud-platform","https://www.googleapis.com/auth/userinfo.email"]
[debug] [2026-02-03T01:31:47.973Z] > authorizing via signed-in user (a.23308051281291@cbtis128.edu.mx)
[error] Failed to fetch Firebase Project from Studio Workspace because WORKSPACE_SLUG environment variable is empty
[error] Failed to fetch Firebase Project from Studio Workspace because WORKSPACE_SLUG environment variable is empty
[error] Failed to fetch Firebase Project from Studio Workspace because WORKSPACE_SLUG environment variable is empty
[debug] [2026-02-03T01:31:48.002Z] > command requires scopes: ["email","openid","https://www.googleapis.com/auth/cloudplatformprojects.readonly","https://www.googleapis.com/auth/firebase","https://www.googleapis.com/auth/cloud-platform","https://www.googleapis.com/auth/userinfo.email"]
[debug] [2026-02-03T01:31:48.002Z] > authorizing via signed-in user (a.23308051281291@cbtis128.edu.mx)
[debug] [2026-02-03T01:31:48.003Z] Checked if tokens are valid: true, expires at: 1770085906290
[debug] [2026-02-03T01:31:48.003Z] Checked if tokens are valid: true, expires at: 1770085906290
[debug] [2026-02-03T01:31:48.003Z] >>> [apiv2][query] GET https://cloudbilling.googleapis.com/v1/projects/spotify128-34465154-11448/billingInfo [none]
[error] Failed to fetch Firebase Project from Studio Workspace because WORKSPACE_SLUG environment variable is empty
[error] Failed to fetch Firebase Project from Studio Workspace because WORKSPACE_SLUG environment variable is empty
[error] Failed to fetch Firebase Project from Studio Workspace because WORKSPACE_SLUG environment variable is empty
[debug] [2026-02-03T01:31:48.010Z] > command requires scopes: ["email","openid","https://www.googleapis.com/auth/cloudplatformprojects.readonly","https://www.googleapis.com/auth/firebase","https://www.googleapis.com/auth/cloud-platform","https://www.googleapis.com/auth/userinfo.email"]
[debug] [2026-02-03T01:31:48.010Z] > authorizing via signed-in user (a.23308051281291@cbtis128.edu.mx)
[debug] [2026-02-03T01:31:48.011Z] Checked if tokens are valid: true, expires at: 1770085906290
[debug] [2026-02-03T01:31:48.011Z] Checked if tokens are valid: true, expires at: 1770085906290
[debug] [2026-02-03T01:31:48.011Z] >>> [apiv2][query] GET https://cloudbilling.googleapis.com/v1/projects/spotify128-34465154-11448/billingInfo [none]
[debug] [2026-02-03T01:31:48.047Z] <<< [apiv2][status] GET https://cloudbilling.googleapis.com/v1/projects/spotify128-34465154-11448/billingInfo 200
[debug] [2026-02-03T01:31:48.048Z] <<< [apiv2][body] GET https://cloudbilling.googleapis.com/v1/projects/spotify128-34465154-11448/billingInfo {"name":"projects/spotify128-34465154-11448/billingInfo","projectId":"spotify128-34465154-11448","billingAccountName":"","billingEnabled":false}
[error] Failed to fetch Firebase Project from Studio Workspace because WORKSPACE_SLUG environment variable is empty
[debug] [2026-02-03T01:31:48.055Z] > command requires scopes: ["email","openid","https://www.googleapis.com/auth/cloudplatformprojects.readonly","https://www.googleapis.com/auth/firebase","https://www.googleapis.com/auth/cloud-platform","https://www.googleapis.com/auth/userinfo.email"]
[debug] [2026-02-03T01:31:48.055Z] > authorizing via signed-in user (a.23308051281291@cbtis128.edu.mx)
[debug] [2026-02-03T01:31:48.073Z] <<< [apiv2][status] GET https://cloudbilling.googleapis.com/v1/projects/spotify128-34465154-11448/billingInfo 200
[debug] [2026-02-03T01:31:48.074Z] <<< [apiv2][body] GET https://cloudbilling.googleapis.com/v1/projects/spotify128-34465154-11448/billingInfo {"name":"projects/spotify128-34465154-11448/billingInfo","projectId":"spotify128-34465154-11448","billingAccountName":"","billingEnabled":false}
[error] Failed to fetch Firebase Project from Studio Workspace because WORKSPACE_SLUG environment variable is empty
[debug] [2026-02-03T01:31:48.076Z] > command requires scopes: ["email","openid","https://www.googleapis.com/auth/cloudplatformprojects.readonly","https://www.googleapis.com/auth/firebase","https://www.googleapis.com/auth/cloud-platform","https://www.googleapis.com/auth/userinfo.email"]
[debug] [2026-02-03T01:31:48.076Z] > authorizing via signed-in user (a.23308051281291@cbtis128.edu.mx)
[error] Failed to fetch Firebase Project from Studio Workspace because WORKSPACE_SLUG environment variable is empty
[error] Failed to fetch Firebase Project from Studio Workspace because WORKSPACE_SLUG environment variable is empty
[debug] [2026-02-04T02:00:01.902Z] > command requires scopes: ["email","openid","https://www.googleapis.com/auth/cloudplatformprojects.readonly","https://www.googleapis.com/auth/firebase","https://www.googleapis.com/auth/cloud-platform","https://www.googleapis.com/auth/userinfo.email"]
[debug] [2026-02-04T02:00:01.905Z] > authorizing via signed-in user (a.23308051281291@cbtis128.edu.mx)
[debug] [2026-02-04T02:00:01.911Z] Checked if tokens are valid: false, expires at: 1770085906290
[debug] [2026-02-04T02:00:01.915Z] Checked if tokens are valid: false, expires at: 1770085906290
[debug] [2026-02-04T02:00:01.917Z] > refreshing access token with scopes: []
[debug] [2026-02-04T02:00:01.938Z] >>> [apiv2][query] POST https://www.googleapis.com/oauth2/v3/token [none]
[debug] [2026-02-04T02:00:01.942Z] >>> [apiv2][body] POST https://www.googleapis.com/oauth2/v3/token [omitted]
[error] Failed to fetch Firebase Project from Studio Workspace because WORKSPACE_SLUG environment variable is empty
[error] Failed to fetch Firebase Project from Studio Workspace because WORKSPACE_SLUG environment variable is empty
[debug] [2026-02-04T02:00:02.255Z] > command requires scopes: ["email","openid","https://www.googleapis.com/auth/cloudplatformprojects.readonly","https://www.googleapis.com/auth/firebase","https://www.googleapis.com/auth/cloud-platform","https://www.googleapis.com/auth/userinfo.email"]
[debug] [2026-02-04T02:00:02.256Z] > authorizing via signed-in user (a.23308051281291@cbtis128.edu.mx)
[debug] [2026-02-04T02:00:02.257Z] Checked if tokens are valid: false, expires at: 1770085906290
[debug] [2026-02-04T02:00:02.257Z] Checked if tokens are valid: false, expires at: 1770085906290
[debug] [2026-02-04T02:00:02.257Z] > refreshing access token with scopes: []
[debug] [2026-02-04T02:00:02.260Z] >>> [apiv2][query] POST https://www.googleapis.com/oauth2/v3/token [none]
[debug] [2026-02-04T02:00:02.260Z] >>> [apiv2][body] POST https://www.googleapis.com/oauth2/v3/token [omitted]
[debug] [2026-02-04T02:00:02.368Z] <<< [apiv2][status] POST https://www.googleapis.com/oauth2/v3/token 200
[debug] [2026-02-04T02:00:02.369Z] <<< [apiv2][body] POST https://www.googleapis.com/oauth2/v3/token [omitted]
[debug] [2026-02-04T02:00:02.424Z] >>> [apiv2][query] GET https://cloudbilling.googleapis.com/v1/projects/spotify128-34465154-11448/billingInfo [none]
[debug] [2026-02-04T02:00:02.447Z] <<< [apiv2][status] POST https://www.googleapis.com/oauth2/v3/token 200
[debug] [2026-02-04T02:00:02.447Z] <<< [apiv2][body] POST https://www.googleapis.com/oauth2/v3/token [omitted]
[debug] [2026-02-04T02:00:02.477Z] >>> [apiv2][query] GET https://cloudbilling.googleapis.com/v1/projects/spotify128-34465154-11448/billingInfo [none]
[debug] [2026-02-04T02:00:02.607Z] <<< [apiv2][status] GET https://cloudbilling.googleapis.com/v1/projects/spotify128-34465154-11448/billingInfo 200
[debug] [2026-02-04T02:00:02.610Z] <<< [apiv2][body] GET https://cloudbilling.googleapis.com/v1/projects/spotify128-34465154-11448/billingInfo {"name":"projects/spotify128-34465154-11448/billingInfo","projectId":"spotify128-34465154-11448","billingAccountName":"","billingEnabled":false}
[debug] [2026-02-04T02:00:02.652Z] Checked if tokens are valid: true, expires at: 1770174001447
[debug] [2026-02-04T02:00:02.653Z] Checked if tokens are valid: true, expires at: 1770174001447
[debug] [2026-02-04T02:00:02.657Z] Checked if tokens are valid: true, expires at: 1770174001447
[debug] [2026-02-04T02:00:02.657Z] Checked if tokens are valid: true, expires at: 1770174001447
[debug] [2026-02-04T02:00:02.661Z] Checked if tokens are valid: true, expires at: 1770174001447
[debug] [2026-02-04T02:00:02.661Z] Checked if tokens are valid: true, expires at: 1770174001447
[debug] [2026-02-04T02:00:02.753Z] Checked if tokens are valid: true, expires at: 1770174001447
[debug] [2026-02-04T02:00:02.756Z] Checked if tokens are valid: true, expires at: 1770174001447
[debug] [2026-02-04T02:00:02.757Z] Checked if tokens are valid: true, expires at: 1770174001447
[debug] [2026-02-04T02:00:02.757Z] Checked if tokens are valid: true, expires at: 1770174001447
[debug] [2026-02-04T02:00:02.757Z] >>> [apiv2][query] GET https://serviceusage.googleapis.com/v1/projects/spotify128-34465154-11448/services/firestore.googleapis.com [none]
[debug] [2026-02-04T02:00:02.758Z] >>> [apiv2][(partial)header] GET https://serviceusage.googleapis.com/v1/projects/spotify128-34465154-11448/services/firestore.googleapis.com  x-goog-user-project=spotify128-34465154-11448
[debug] [2026-02-04T02:00:02.768Z] >>> [apiv2][query] GET https://serviceusage.googleapis.com/v1/projects/spotify128-34465154-11448/services/firebasedataconnect.googleapis.com [none]
[debug] [2026-02-04T02:00:02.770Z] >>> [apiv2][(partial)header] GET https://serviceusage.googleapis.com/v1/projects/spotify128-34465154-11448/services/firebasedataconnect.googleapis.com  x-goog-user-project=spotify128-34465154-11448
[debug] [2026-02-04T02:00:02.774Z] >>> [apiv2][query] GET https://serviceusage.googleapis.com/v1/projects/spotify128-34465154-11448/services/cloudfunctions.googleapis.com [none]
[debug] [2026-02-04T02:00:02.775Z] >>> [apiv2][(partial)header] GET https://serviceusage.googleapis.com/v1/projects/spotify128-34465154-11448/services/cloudfunctions.googleapis.com  x-goog-user-project=spotify128-34465154-11448
[debug] [2026-02-04T02:00:02.782Z] >>> [apiv2][query] GET https://serviceusage.googleapis.com/v1/projects/spotify128-34465154-11448/services/firebaseapphosting.googleapis.com [none]
[debug] [2026-02-04T02:00:02.783Z] >>> [apiv2][(partial)header] GET https://serviceusage.googleapis.com/v1/projects/spotify128-34465154-11448/services/firebaseapphosting.googleapis.com  x-goog-user-project=spotify128-34465154-11448
[debug] [2026-02-04T02:00:02.791Z] >>> [apiv2][query] GET https://serviceusage.googleapis.com/v1/projects/spotify128-34465154-11448/services/firebaseio.com [none]
[debug] [2026-02-04T02:00:02.792Z] >>> [apiv2][(partial)header] GET https://serviceusage.googleapis.com/v1/projects/spotify128-34465154-11448/services/firebaseio.com  x-goog-user-project=spotify128-34465154-11448
[debug] [2026-02-04T02:00:02.941Z] <<< [apiv2][status] GET https://cloudbilling.googleapis.com/v1/projects/spotify128-34465154-11448/billingInfo 200
[debug] [2026-02-04T02:00:02.942Z] <<< [apiv2][body] GET https://cloudbilling.googleapis.com/v1/projects/spotify128-34465154-11448/billingInfo {"name":"projects/spotify128-34465154-11448/billingInfo","projectId":"spotify128-34465154-11448","billingAccountName":"","billingEnabled":false}
[debug] [2026-02-04T02:00:02.955Z] Checked if tokens are valid: true, expires at: 1770174001447
[debug] [2026-02-04T02:00:02.956Z] Checked if tokens are valid: true, expires at: 1770174001447
[debug] [2026-02-04T02:00:02.959Z] Checked if tokens are valid: true, expires at: 1770174001447
[debug] [2026-02-04T02:00:02.960Z] Checked if tokens are valid: true, expires at: 1770174001447
[debug] [2026-02-04T02:00:02.961Z] Checked if tokens are valid: true, expires at: 1770174001447
[debug] [2026-02-04T02:00:02.963Z] Checked if tokens are valid: true, expires at: 1770174001447
[debug] [2026-02-04T02:00:02.990Z] Checked if tokens are valid: true, expires at: 1770174001447
[debug] [2026-02-04T02:00:02.990Z] Checked if tokens are valid: true, expires at: 1770174001447
[debug] [2026-02-04T02:00:02.992Z] Checked if tokens are valid: true, expires at: 1770174001447
[debug] [2026-02-04T02:00:02.993Z] Checked if tokens are valid: true, expires at: 1770174001447
[debug] [2026-02-04T02:00:02.993Z] >>> [apiv2][query] GET https://serviceusage.googleapis.com/v1/projects/spotify128-34465154-11448/services/firestore.googleapis.com [none]
[debug] [2026-02-04T02:00:02.993Z] >>> [apiv2][(partial)header] GET https://serviceusage.googleapis.com/v1/projects/spotify128-34465154-11448/services/firestore.googleapis.com  x-goog-user-project=spotify128-34465154-11448
[debug] [2026-02-04T02:00:03.001Z] >>> [apiv2][query] GET https://serviceusage.googleapis.com/v1/projects/spotify128-34465154-11448/services/firebasedataconnect.googleapis.com [none]
[debug] [2026-02-04T02:00:03.001Z] >>> [apiv2][(partial)header] GET https://serviceusage.googleapis.com/v1/projects/spotify128-34465154-11448/services/firebasedataconnect.googleapis.com  x-goog-user-project=spotify128-34465154-11448
[debug] [2026-02-04T02:00:03.008Z] >>> [apiv2][query] GET https://serviceusage.googleapis.com/v1/projects/spotify128-34465154-11448/services/cloudfunctions.googleapis.com [none]
[debug] [2026-02-04T02:00:03.009Z] >>> [apiv2][(partial)header] GET https://serviceusage.googleapis.com/v1/projects/spotify128-34465154-11448/services/cloudfunctions.googleapis.com  x-goog-user-project=spotify128-34465154-11448
[debug] [2026-02-04T02:00:03.016Z] >>> [apiv2][query] GET https://serviceusage.googleapis.com/v1/projects/spotify128-34465154-11448/services/firebaseapphosting.googleapis.com [none]
[debug] [2026-02-04T02:00:03.017Z] >>> [apiv2][(partial)header] GET https://serviceusage.googleapis.com/v1/projects/spotify128-34465154-11448/services/firebaseapphosting.googleapis.com  x-goog-user-project=spotify128-34465154-11448
[debug] [2026-02-04T02:00:03.024Z] >>> [apiv2][query] GET https://serviceusage.googleapis.com/v1/projects/spotify128-34465154-11448/services/firebaseio.com [none]
[debug] [2026-02-04T02:00:03.024Z] >>> [apiv2][(partial)header] GET https://serviceusage.googleapis.com/v1/projects/spotify128-34465154-11448/services/firebaseio.com  x-goog-user-project=spotify128-34465154-11448
[debug] [2026-02-04T02:00:03.289Z] <<< [apiv2][status] GET https://serviceusage.googleapis.com/v1/projects/spotify128-34465154-11448/services/firebaseapphosting.googleapis.com 200
[debug] [2026-02-04T02:00:03.290Z] <<< [apiv2][body] GET https://serviceusage.googleapis.com/v1/projects/spotify128-34465154-11448/services/firebaseapphosting.googleapis.com [omitted]
[debug] [2026-02-04T02:00:03.305Z] <<< [apiv2][status] GET https://serviceusage.googleapis.com/v1/projects/spotify128-34465154-11448/services/firestore.googleapis.com 200
[debug] [2026-02-04T02:00:03.306Z] <<< [apiv2][body] GET https://serviceusage.googleapis.com/v1/projects/spotify128-34465154-11448/services/firestore.googleapis.com [omitted]
[debug] [2026-02-04T02:00:03.326Z] <<< [apiv2][status] GET https://serviceusage.googleapis.com/v1/projects/spotify128-34465154-11448/services/firebaseio.com 403
[debug] [2026-02-04T02:00:03.326Z] <<< [apiv2][body] GET https://serviceusage.googleapis.com/v1/projects/spotify128-34465154-11448/services/firebaseio.com [omitted]
[debug] [2026-02-04T02:00:03.349Z] <<< [apiv2][status] GET https://serviceusage.googleapis.com/v1/projects/spotify128-34465154-11448/services/firebasedataconnect.googleapis.com 200
[debug] [2026-02-04T02:00:03.349Z] <<< [apiv2][body] GET https://serviceusage.googleapis.com/v1/projects/spotify128-34465154-11448/services/firebasedataconnect.googleapis.com [omitted]
[debug] [2026-02-04T02:00:03.404Z] <<< [apiv2][status] GET https://serviceusage.googleapis.com/v1/projects/spotify128-34465154-11448/services/cloudfunctions.googleapis.com 200
[debug] [2026-02-04T02:00:03.409Z] <<< [apiv2][body] GET https://serviceusage.googleapis.com/v1/projects/spotify128-34465154-11448/services/cloudfunctions.googleapis.com [omitted]
[error] Failed to fetch Firebase Project from Studio Workspace because WORKSPACE_SLUG environment variable is empty
[error] Failed to fetch Firebase Project from Studio Workspace because WORKSPACE_SLUG environment variable is empty
[error] Failed to fetch Firebase Project from Studio Workspace because WORKSPACE_SLUG environment variable is empty
[debug] [2026-02-04T02:00:03.433Z] > command requires scopes: ["email","openid","https://www.googleapis.com/auth/cloudplatformprojects.readonly","https://www.googleapis.com/auth/firebase","https://www.googleapis.com/auth/cloud-platform","https://www.googleapis.com/auth/userinfo.email"]
[debug] [2026-02-04T02:00:03.434Z] > authorizing via signed-in user (a.23308051281291@cbtis128.edu.mx)
[debug] [2026-02-04T02:00:03.436Z] Checked if tokens are valid: true, expires at: 1770174001447
[debug] [2026-02-04T02:00:03.436Z] Checked if tokens are valid: true, expires at: 1770174001447
[debug] [2026-02-04T02:00:03.436Z] >>> [apiv2][query] GET https://cloudbilling.googleapis.com/v1/projects/spotify128-34465154-11448/billingInfo [none]
[debug] [2026-02-04T02:00:03.440Z] <<< [apiv2][status] GET https://serviceusage.googleapis.com/v1/projects/spotify128-34465154-11448/services/firebaseio.com 403
[debug] [2026-02-04T02:00:03.440Z] <<< [apiv2][body] GET https://serviceusage.googleapis.com/v1/projects/spotify128-34465154-11448/services/firebaseio.com [omitted]
[debug] [2026-02-04T02:00:03.452Z] <<< [apiv2][status] GET https://serviceusage.googleapis.com/v1/projects/spotify128-34465154-11448/services/firebaseapphosting.googleapis.com 200
[debug] [2026-02-04T02:00:03.453Z] <<< [apiv2][body] GET https://serviceusage.googleapis.com/v1/projects/spotify128-34465154-11448/services/firebaseapphosting.googleapis.com [omitted]
[debug] [2026-02-04T02:00:03.463Z] <<< [apiv2][status] GET https://serviceusage.googleapis.com/v1/projects/spotify128-34465154-11448/services/firebasedataconnect.googleapis.com 200
[debug] [2026-02-04T02:00:03.464Z] <<< [apiv2][body] GET https://serviceusage.googleapis.com/v1/projects/spotify128-34465154-11448/services/firebasedataconnect.googleapis.com [omitted]
[debug] [2026-02-04T02:00:03.495Z] <<< [apiv2][status] GET https://serviceusage.googleapis.com/v1/projects/spotify128-34465154-11448/services/firestore.googleapis.com 200
[debug] [2026-02-04T02:00:03.497Z] <<< [apiv2][body] GET https://serviceusage.googleapis.com/v1/projects/spotify128-34465154-11448/services/firestore.googleapis.com [omitted]
[debug] [2026-02-04T02:00:03.521Z] <<< [apiv2][status] GET https://serviceusage.googleapis.com/v1/projects/spotify128-34465154-11448/services/cloudfunctions.googleapis.com 200
[debug] [2026-02-04T02:00:03.528Z] <<< [apiv2][body] GET https://serviceusage.googleapis.com/v1/projects/spotify128-34465154-11448/services/cloudfunctions.googleapis.com [omitted]
[debug] [2026-02-04T02:00:03.752Z] <<< [apiv2][status] GET https://cloudbilling.googleapis.com/v1/projects/spotify128-34465154-11448/billingInfo 200
[debug] [2026-02-04T02:00:03.757Z] <<< [apiv2][body] GET https://cloudbilling.googleapis.com/v1/projects/spotify128-34465154-11448/billingInfo {"name":"projects/spotify128-34465154-11448/billingInfo","projectId":"spotify128-34465154-11448","billingAccountName":"","billingEnabled":false}
[error] Failed to fetch Firebase Project from Studio Workspace because WORKSPACE_SLUG environment variable is empty
[debug] [2026-02-04T02:00:03.773Z] > command requires scopes: ["email","openid","https://www.googleapis.com/auth/cloudplatformprojects.readonly","https://www.googleapis.com/auth/firebase","https://www.googleapis.com/auth/cloud-platform","https://www.googleapis.com/auth/userinfo.email"]
[debug] [2026-02-04T02:00:03.773Z] > authorizing via signed-in user (a.23308051281291@cbtis128.edu.mx)
[error] Failed to fetch Firebase Project from Studio Workspace because WORKSPACE_SLUG environment variable is empty
[error] Failed to fetch Firebase Project from Studio Workspace because WORKSPACE_SLUG environment variable is empty
[error] Failed to fetch Firebase Project from Studio Workspace because WORKSPACE_SLUG environment variable is empty
[error] Failed to fetch Firebase Project from Studio Workspace because WORKSPACE_SLUG environment variable is empty
[error] Failed to fetch Firebase Project from Studio Workspace because WORKSPACE_SLUG environment variable is empty
[error] Failed to fetch Firebase Project from Studio Workspace because WORKSPACE_SLUG environment variable is empty
[debug] [2026-02-04T02:00:03.842Z] > command requires scopes: ["email","openid","https://www.googleapis.com/auth/cloudplatformprojects.readonly","https://www.googleapis.com/auth/firebase","https://www.googleapis.com/auth/cloud-platform","https://www.googleapis.com/auth/userinfo.email"]
[debug] [2026-02-04T02:00:03.842Z] > authorizing via signed-in user (a.23308051281291@cbtis128.edu.mx)
[debug] [2026-02-04T02:00:03.845Z] > command requires scopes: ["email","openid","https://www.googleapis.com/auth/cloudplatformprojects.readonly","https://www.googleapis.com/auth/firebase","https://www.googleapis.com/auth/cloud-platform","https://www.googleapis.com/auth/userinfo.email"]
[debug] [2026-02-04T02:00:03.845Z] > authorizing via signed-in user (a.23308051281291@cbtis128.edu.mx)
[debug] [2026-02-04T02:00:03.846Z] Checked if tokens are valid: true, expires at: 1770174001447
[debug] [2026-02-04T02:00:03.846Z] Checked if tokens are valid: true, expires at: 1770174001447
[debug] [2026-02-04T02:00:03.846Z] Checked if tokens are valid: true, expires at: 1770174001447
[debug] [2026-02-04T02:00:03.846Z] Checked if tokens are valid: true, expires at: 1770174001447
[debug] [2026-02-04T02:00:03.846Z] >>> [apiv2][query] GET https://cloudbilling.googleapis.com/v1/projects/spotify128-34465154-11448/billingInfo [none]
[debug] [2026-02-04T02:00:03.848Z] >>> [apiv2][query] GET https://cloudbilling.googleapis.com/v1/projects/spotify128-34465154-11448/billingInfo [none]
[debug] [2026-02-04T02:00:03.918Z] <<< [apiv2][status] GET https://cloudbilling.googleapis.com/v1/projects/spotify128-34465154-11448/billingInfo 200
[debug] [2026-02-04T02:00:03.926Z] <<< [apiv2][body] GET https://cloudbilling.googleapis.com/v1/projects/spotify128-34465154-11448/billingInfo {"name":"projects/spotify128-34465154-11448/billingInfo","projectId":"spotify128-34465154-11448","billingAccountName":"","billingEnabled":false}
[error] Failed to fetch Firebase Project from Studio Workspace because WORKSPACE_SLUG environment variable is empty
[debug] [2026-02-04T02:00:03.938Z] > command requires scopes: ["email","openid","https://www.googleapis.com/auth/cloudplatformprojects.readonly","https://www.googleapis.com/auth/firebase","https://www.googleapis.com/auth/cloud-platform","https://www.googleapis.com/auth/userinfo.email"]
[debug] [2026-02-04T02:00:03.938Z] > authorizing via signed-in user (a.23308051281291@cbtis128.edu.mx)
[debug] [2026-02-04T02:00:03.941Z] <<< [apiv2][status] GET https://cloudbilling.googleapis.com/v1/projects/spotify128-34465154-11448/billingInfo 200
[debug] [2026-02-04T02:00:03.942Z] <<< [apiv2][body] GET https://cloudbilling.googleapis.com/v1/projects/spotify128-34465154-11448/billingInfo {"name":"projects/spotify128-34465154-11448/billingInfo","projectId":"spotify128-34465154-11448","billingAccountName":"","billingEnabled":false}
[error] Failed to fetch Firebase Project from Studio Workspace because WORKSPACE_SLUG environment variable is empty
[debug] [2026-02-04T02:00:03.955Z] > command requires scopes: ["email","openid","https://www.googleapis.com/auth/cloudplatformprojects.readonly","https://www.googleapis.com/auth/firebase","https://www.googleapis.com/auth/cloud-platform","https://www.googleapis.com/auth/userinfo.email"]
[debug] [2026-02-04T02:00:03.964Z] > authorizing via signed-in user (a.23308051281291@cbtis128.edu.mx)
